[2025-12-24 17:40:55] [INFO] User saved: 8c4cd1e5-4f9d-4ad7-bb6e-7d07fd612d7b
[2025-12-24 17:40:55] [INFO] User saved: caeaa97e-f51c-4914-aa5c-869b3526a6f9
[2025-12-24 17:40:55] [INFO] User saved: 141b0b11-eb09-4047-967e-7efd111af8c5
[2025-12-24 17:40:55] [INFO] User saved: 58b5c0ba-7506-46fd-a967-ef7da42307d3
[2025-12-24 17:40:55] [INFO] User saved: 1bf14fd2-21f2-445e-bf92-c754b5e684fd
[2025-12-24 17:40:55] [INFO] Post saved: 4952d445-5266-44c2-bc97-c646bd3d8266
[2025-12-24 17:40:55] [INFO] Post saved: 6c7b465d-54ee-4e1e-af7d-d5200ae8846c
[2025-12-24 17:40:55] [INFO] Post saved: a4a3ebe3-8d9b-43e9-bd81-028a62cccd88
[2025-12-24 17:40:55] [INFO] Post saved: 3b033962-9114-4b34-b56c-70c3b3acde65
[2025-12-24 17:40:55] [INFO] Post saved: 82a1d9a6-f2ee-4982-907f-f38824cf0900
[2025-12-24 17:40:55] [INFO] Comment saved: 15e82021-ef2f-44c9-90ac-786985e08d69
[2025-12-24 17:40:55] [INFO] Comment saved: fe98cedc-587a-47ac-b223-725aaae29e04
[2025-12-24 17:40:55] [INFO] Comment saved: 30ac4b2d-0872-4d9e-9579-83d4f5f3e8b5
[2025-12-24 17:40:55] [INFO] Comment saved: 88ad1616-c654-47f5-b61c-2203d0121f74
[2025-12-24 17:40:55] [INFO] Comment saved: bfed6975-4a42-4181-834b-38502b64cbd6
[2025-12-24 17:40:55] [INFO] Comment saved: 225d9f44-0270-4ea1-94f1-74c4ad8cc518
[2025-12-24 17:40:55] [INFO] Comment saved: b70609b2-1c3a-4a02-b59a-f2095fcf1546
[2025-12-24 17:40:55] [INFO] Comment saved: c760aac7-bcb6-4343-bd62-1baecb21c298
[2025-12-24 17:40:55] [INFO] Post like saved: 0319e7b8-eac6-407c-92a7-51aaaa4b7284
[2025-12-24 17:40:55] [INFO] Post like saved: 357eec5e-e661-4645-8bf7-fe7a126d0883
[2025-12-24 17:40:55] [INFO] Post like saved: 55dc8cab-045d-40e5-8b61-4a2ed0547769
[2025-12-24 17:40:55] [INFO] Post like saved: 5c0ddc95-5fc2-4dda-a457-8f19190f37e0
[2025-12-24 17:40:55] [INFO] Post like saved: 38c6a9b8-d227-43d9-8e59-c9f16a92527d
[2025-12-24 17:40:55] [INFO] Post like saved: 84ee5e97-44a2-4d56-8f0d-b5c9c48538ae
[2025-12-24 17:40:55] [INFO] Post like saved: ff7cb65e-c4dc-4c26-8cec-447bf98963af
[2025-12-24 17:40:55] [INFO] Post like saved: 7463a62a-0084-4293-ae7d-379f6963e698
[2025-12-24 17:40:55] [INFO] Post like saved: dea27654-797d-40de-942d-12ccf7923273
[2025-12-24 17:40:55] [INFO] Post like saved: feb92be7-f530-4c08-874f-ed2399ff6720
[2025-12-24 17:40:55] [INFO] Post like saved: 52abf286-fbc8-40a1-ae08-7848f2c08dcb
[2025-12-24 17:40:55] [INFO] Post like saved: 2c55aa23-b763-4479-97ab-808f8ea615e9
[2025-12-24 17:40:55] [INFO] Post like saved: ac1d4b31-38fe-4879-ab3c-a345a8348562
[2025-12-24 17:40:55] [INFO] Post like saved: c8e1dcc7-8a60-4295-b6b1-7575527a4098
[2025-12-24 17:40:55] [INFO] Post like saved: 49613a33-13df-4bc6-9008-8c825a8a09d2
[2025-12-24 17:40:55] [INFO] Comment like saved: 663712a7-ce6a-4e9a-b607-9c3de1d94e7b
[2025-12-24 17:40:55] [INFO] Comment like saved: 6034bb09-7ad8-4f83-beaa-4f79b5780d4c
[2025-12-24 17:40:55] [INFO] Comment like saved: 07f8c0db-556c-4c6b-a109-1cbaa8f4ce1b
[2025-12-24 17:40:55] [INFO] Comment like saved: d209bc4f-32a2-41fb-bf6d-5d94ca8ef06f
[2025-12-24 17:40:55] [INFO] Comment like saved: 9fc09fdf-dbda-4734-9820-2cd75db86954
[2025-12-24 17:40:55] [INFO] Comment like saved: 95acd6b6-7ec3-46c9-9ee7-87cb5d55fcc4
[2025-12-24 17:40:55] [INFO] Comment like saved: 47b571e2-53e8-4c65-b8a2-f63bb0db90f4
[2025-12-24 17:40:55] [INFO] Comment like saved: 856f719d-6252-4cdd-8c3b-8dbba8228e6b
[2025-12-24 17:40:55] [INFO] Comment like saved: f32b1d8e-9732-4b43-8936-992f5727b236
[2025-12-24 17:40:55] [INFO] Comment like saved: 622f849b-01fb-47af-96c6-a647134d0709
[2025-12-24 17:40:55] [INFO] Comment like saved: 3d27c374-bc0a-437b-8a24-faf4b7d10144
[2025-12-24 17:40:55] [INFO] Comment like saved: eff96d2d-b398-4359-a2a0-f7decb5aeab1
[2025-12-24 17:40:55] [INFO] Comment like saved: 75a40035-1e7c-4ce6-a315-49c774d96c4a
[2025-12-24 17:40:55] [INFO] Comment like saved: 0ceb68b0-a71f-4ec9-8d38-dc96cd83a359
[2025-12-24 17:40:55] [INFO] Comment like saved: 9a01be56-b9aa-46cb-804b-9d573c7054fd
[2025-12-24 17:40:55] [INFO] Comment like saved: e2daaeef-38ef-494b-b471-212c87cf1d36
